[35mpw-live-v2:build[0m: cache hit, replaying output [2mf1915ff98ffd87e0[0m
[35mpw-live-v2:build: [0m
[35mpw-live-v2:build: [0m> pw-live-v2@0.0.1 build /Users/monkeyd.luffy/Workspace/k8/site
[35mpw-live-v2:build: [0m> next build
[35mpw-live-v2:build: [0m
[35mpw-live-v2:build: [0minfo  - Loaded env from /Users/monkeyd.luffy/Workspace/k8/site/.env
[35mpw-live-v2:build: [0minfo  - Linting and checking validity of types...
[35mpw-live-v2:build: [0m
[35mpw-live-v2:build: [0m./pages/batches/[batchSlug]/[subjectSlug]/weekly-schedule/index.tsx
[35mpw-live-v2:build: [0m86:8  Warning: React Hook useEffect has a missing dependency: 'data'. Either include it or remove the dependency array.  react-hooks/exhaustive-deps
[35mpw-live-v2:build: [0m
[35mpw-live-v2:build: [0m./pages/login.tsx
[35mpw-live-v2:build: [0m15:8  Warning: React Hook useEffect has a missing dependency: 'router'. Either include it or remove the dependency array.  react-hooks/exhaustive-deps
[35mpw-live-v2:build: [0m
[35mpw-live-v2:build: [0minfo  - Need to disable some ESLint rules? Learn more here: https://nextjs.org/docs/basic-features/eslint#disabling-rules
[35mpw-live-v2:build: [0minfo  - Creating an optimized production build...
[35mpw-live-v2:build: [0minfo  - Compiled successfully
[35mpw-live-v2:build: [0minfo  - Collecting page data...
[35mpw-live-v2:build: [0minfo  - Generating static pages (0/21)
[35mpw-live-v2:build: [0minfo  - Generating static pages (5/21)
[35mpw-live-v2:build: [0minfo  - Generating static pages (10/21)
[35mpw-live-v2:build: [0mundefined
[35mpw-live-v2:build: [0minfo  - Generating static pages (15/21)
[35mpw-live-v2:build: [0minfo  - Generating static pages (21/21)
[35mpw-live-v2:build: [0minfo  - Finalizing page optimization...
[35mpw-live-v2:build: [0m
[35mpw-live-v2:build: [0mRoute (pages)                                                                  Size     First Load JS
[35mpw-live-v2:build: [0m┌ ○ /                                                                          31.8 kB         253 kB
[35mpw-live-v2:build: [0m├   └ css/951cef75e0462697.css                                                 1.69 kB
[35mpw-live-v2:build: [0m├   /_app                                                                      0 B             123 kB
[35mpw-live-v2:build: [0m├ ○ /404                                                                       45.9 kB         169 kB
[35mpw-live-v2:build: [0m├ ○ /about-us                                                                  6.87 kB         134 kB
[35mpw-live-v2:build: [0m├ ○ /after-payment                                                             3.72 kB         130 kB
[35mpw-live-v2:build: [0m├ ○ /batches/[batchSlug]                                                       2.46 kB         148 kB
[35mpw-live-v2:build: [0m├ ○ /batches/[batchSlug]/[subjectSlug]                                         7.1 kB          137 kB
[35mpw-live-v2:build: [0m├   └ css/501c8b6898ccd9e5.css                                                 393 B
[35mpw-live-v2:build: [0m├ ○ /batches/[batchSlug]/[subjectSlug]/[topicSlug]/content                     1.14 kB         134 kB
[35mpw-live-v2:build: [0m├ ○ /batches/[batchSlug]/[subjectSlug]/[topicSlug]/content/[scheduleId]/video  319 B           155 kB
[35mpw-live-v2:build: [0m├ ○ /batches/[batchSlug]/[subjectSlug]/weekly-schedule                         8.37 kB         151 kB
[35mpw-live-v2:build: [0m├   └ css/5f80e4dfd42014be.css                                                 663 B
[35mpw-live-v2:build: [0m├ ○ /batches/[batchSlug]/faculties                                             6.91 kB         143 kB
[35mpw-live-v2:build: [0m├   └ css/d448f1c3f46feaf4.css                                                 402 B
[35mpw-live-v2:build: [0m├ ○ /batches/[batchSlug]/order-summary                                         18.3 kB         233 kB
[35mpw-live-v2:build: [0m├   └ css/bedacc5db3dce12a.css                                                 1.67 kB
[35mpw-live-v2:build: [0m├ ○ /contact-us                                                                39.2 kB         234 kB
[35mpw-live-v2:build: [0m├ ○ /login                                                                     19.8 kB         146 kB
[35mpw-live-v2:build: [0m├   └ css/f79cd05634e6ff08.css                                                 1.25 kB
[35mpw-live-v2:build: [0m├ ○ /pdf                                                                       93.4 kB         223 kB
[35mpw-live-v2:build: [0m├ ○ /practice/[id]                                                             12.8 kB         146 kB
[35mpw-live-v2:build: [0m├ ○ /practice/[id]/mapping/[testMappingId]/test-result                         4.85 kB         132 kB
[35mpw-live-v2:build: [0m├ ○ /profile                                                                   19.3 kB         153 kB
[35mpw-live-v2:build: [0m├ ○ /terms-and-conditions                                                      3.98 kB         127 kB
[35mpw-live-v2:build: [0m├ ○ /video                                                                     276 B           155 kB
[35mpw-live-v2:build: [0m└ ○ /video-player                                                              3.46 kB         126 kB
[35mpw-live-v2:build: [0m+ First Load JS shared by all                                                  135 kB
[35mpw-live-v2:build: [0m  ├ chunks/framework-e6af074d2e298f55.js                                       45.2 kB
[35mpw-live-v2:build: [0m  ├ chunks/main-f2c1f8ffd6de9689.js                                            31.2 kB
[35mpw-live-v2:build: [0m  ├ chunks/pages/_app-a869246b262be4cc.js                                      43.6 kB
[35mpw-live-v2:build: [0m  ├ chunks/webpack-a67d2b7d4cf8a871.js                                         2.76 kB
[35mpw-live-v2:build: [0m  └ css/60b2ad33d44039a2.css                                                   12.5 kB
[35mpw-live-v2:build: [0m
[35mpw-live-v2:build: [0m○  (Static)  automatically rendered as static HTML (uses no initial props)
[35mpw-live-v2:build: [0m
